Base path: C:/Program Files/Unity/Hub/Editor/2018.3.10f1/Editor/Data
Cmd: initializeCompiler
Cmd: compileComputeKernel
  api=4 insize=12270 outsize=2133 ok=1
Cmd: compileComputeKernel
  api=4 insize=64076 outsize=4649 ok=1
Cmd: compileComputeKernel
  api=4 insize=4482 outsize=1861 ok=1
Cmd: compileComputeKernel
  api=4 insize=23621 outsize=12157 ok=1
Cmd: compileComputeKernel
  api=4 insize=27408 outsize=3017 ok=1
Cmd: compileComputeKernel
  api=4 insize=27408 outsize=1337 ok=1
Cmd: compileComputeKernel
  api=4 insize=20360 outsize=813 ok=1
Cmd: compileComputeKernel
  api=4 insize=20360 outsize=1169 ok=1
Cmd: compileComputeKernel
  api=4 insize=20360 outsize=1377 ok=1
Cmd: compileComputeKernel
  api=4 insize=20360 outsize=1773 ok=1
Cmd: initializeCompiler
Cmd: initializeCompiler
Cmd: initializeCompiler
Cmd: initializeCompiler

Quitting shader compiler process
