Base path: C:/Program Files/Unity/Hub/Editor/2018.3.10f1/Editor/Data
Cmd: initializeCompiler
Cmd: compileComputeKernel
  api=4 insize=12270 outsize=1505 ok=1
Cmd: compileComputeKernel
  api=4 insize=64076 outsize=7453 ok=1
Cmd: compileComputeKernel
  api=4 insize=23621 outsize=3281 ok=1
Cmd: compileComputeKernel
  api=4 insize=27408 outsize=1317 ok=1
Cmd: compileComputeKernel
  api=4 insize=27408 outsize=1377 ok=1
Cmd: compileComputeKernel
  api=4 insize=27408 outsize=1857 ok=1
Cmd: compileComputeKernel
  api=4 insize=20360 outsize=713 ok=1
Cmd: compileComputeKernel
  api=4 insize=20360 outsize=701 ok=1
Cmd: compileComputeKernel
  api=4 insize=20360 outsize=1397 ok=1
Cmd: compileComputeKernel
  api=4 insize=20360 outsize=1333 ok=1
Cmd: initializeCompiler
Cmd: initializeCompiler
Cmd: initializeCompiler
Cmd: initializeCompiler

Quitting shader compiler process
