Base path: C:/Program Files/Unity/Hub/Editor/2018.3.10f1/Editor/Data
Cmd: initializeCompiler
Cmd: compileComputeKernel
  api=4 insize=12270 outsize=1053 ok=1
Cmd: compileComputeKernel
  api=4 insize=4482 outsize=1857 ok=1
Cmd: compileComputeKernel
  api=4 insize=27408 outsize=1685 ok=1
Cmd: compileComputeKernel
  api=4 insize=27408 outsize=1357 ok=1
Cmd: compileComputeKernel
  api=4 insize=27408 outsize=1857 ok=1
Cmd: compileComputeKernel
  api=4 insize=20360 outsize=857 ok=1
Cmd: compileComputeKernel
  api=4 insize=20360 outsize=701 ok=1
Cmd: compileComputeKernel
  api=4 insize=20360 outsize=1253 ok=1
Cmd: compileComputeKernel
  api=4 insize=20360 outsize=1313 ok=1
Cmd: compileComputeKernel
  api=4 insize=20360 outsize=1749 ok=1
Cmd: initializeCompiler
Cmd: initializeCompiler
Cmd: initializeCompiler
Cmd: initializeCompiler

Quitting shader compiler process
